<?xml version="1.0" encoding="UTF-8"?>
<!-- Generated by org.testng.reporters.JUnitXMLReporter -->
<testsuite ignored="0" hostname="DESKTOP-N0N6VO2" failures="0" tests="4" name="Test" time="127.392" errors="0" timestamp="2023-03-02T12:06:13 IST">
  <testcase classname="guru99project.LoginTest" name="Login" time="33.4"/>
  <testcase classname="guru99project.NewCustomerTest" name="NewCustomer" time="28.063"/>
  <testcase classname="guru99project.EditCustomerTest" name="EditCustomer" time="18.63"/>
  <testcase classname="guru99project.NewAccountTest" name="NewAccount" time="19.829"/>
</testsuite> <!-- Test -->
